Zxing code version-01/android/app/build/outputs/logs/manifest-merger-debug-report.txt
-- Merging decision tree log ---
manifest
ADDED from src\main\AndroidManifest.xml:16:1-198:12
	package
		ADDED from src\main\AndroidManifest.xml:17:5-46
		INJECTED from src\main\AndroidManifest.xml
		INJECTED from src\main\AndroidManifest.xml
	android:versionName
		ADDED from src\main\AndroidManifest.xml:20:5-32
		INJECTED from src\main\AndroidManifest.xml
		INJECTED from src\main\AndroidManifest.xml
	android:versionCode
		ADDED from src\main\AndroidManifest.xml:19:5-30
		INJECTED from src\main\AndroidManifest.xml
		INJECTED from src\main\AndroidManifest.xml
	xmlns:android
		ADDED from src\main\AndroidManifest.xml:16:11-69
	android:installLocation
		ADDED from src\main\AndroidManifest.xml:18:5-35
uses-sdk
ADDED from src\main\AndroidManifest.xml:22:5-24:41
MERGED from [com.android.support:appcompat-v7:23.4.0] AndroidManifest.xml:21:5-23:78
MERGED from [com.android.support:animated-vector-drawable:23.4.0] AndroidManifest.xml:5:5-44
MERGED from [com.android.support:support-vector-drawable:23.4.0] AndroidManifest.xml:5:5-43
MERGED from [com.android.support:support-v4:23.4.0] AndroidManifest.xml:20:5-43
MERGED from [com.android.support:support-v4:23.4.0] AndroidManifest.xml:20:5-43
MERGED from [com.android.support:support-vector-drawable:23.4.0] AndroidManifest.xml:5:5-43
MERGED from [com.android.support:support-v4:23.4.0] AndroidManifest.xml:20:5-43
	tools:overrideLibrary
		ADDED from [com.android.support:appcompat-v7:23.4.0] AndroidManifest.xml:23:9-75
	android:targetSdkVersion
		ADDED from src\main\AndroidManifest.xml:24:9-38
		INJECTED from src\main\AndroidManifest.xml
		INJECTED from src\main\AndroidManifest.xml
	android:minSdkVersion
		ADDED from src\main\AndroidManifest.xml:23:9-35
		INJECTED from src\main\AndroidManifest.xml
		INJECTED from src\main\AndroidManifest.xml
uses-permission#android.permission.CAMERA
ADDED from src\main\AndroidManifest.xml:26:5-65
	android:name
		ADDED from src\main\AndroidManifest.xml:26:22-62
uses-permission#android.permission.INTERNET
ADDED from src\main\AndroidManifest.xml:27:5-67
	android:name
		ADDED from src\main\AndroidManifest.xml:27:22-64
uses-permission#android.permission.VIBRATE
ADDED from src\main\AndroidManifest.xml:28:5-66
	android:name
		ADDED from src\main\AndroidManifest.xml:28:22-63
uses-permission#android.permission.FLASHLIGHT
ADDED from src\main\AndroidManifest.xml:29:5-69
	android:name
		ADDED from src\main\AndroidManifest.xml:29:22-66
uses-permission#android.permission.READ_CONTACTS
ADDED from src\main\AndroidManifest.xml:30:5-72
	android:name
		ADDED from src\main\AndroidManifest.xml:30:22-69
uses-permission#com.android.browser.permission.READ_HISTORY_BOOKMARKS
ADDED from src\main\AndroidManifest.xml:32:5-93
	android:name
		ADDED from src\main\AndroidManifest.xml:32:22-90
uses-permission#android.permission.WRITE_EXTERNAL_STORAGE
ADDED from src\main\AndroidManifest.xml:33:5-81
	android:name
		ADDED from src\main\AndroidManifest.xml:33:22-78
uses-permission#android.permission.CHANGE_WIFI_STATE
ADDED from src\main\AndroidManifest.xml:34:5-76
	android:name
		ADDED from src\main\AndroidManifest.xml:34:22-73
uses-permission#android.permission.ACCESS_WIFI_STATE
ADDED from src\main\AndroidManifest.xml:35:5-76
	android:name
		ADDED from src\main\AndroidManifest.xml:35:22-73
uses-feature#android.hardware.camera.any
ADDED from src\main\AndroidManifest.xml:37:5-64
	android:name
		ADDED from src\main\AndroidManifest.xml:37:19-61
uses-feature#android.hardware.camera.autofocus
ADDED from src\main\AndroidManifest.xml:38:5-40:36
	android:required
		ADDED from src\main\AndroidManifest.xml:40:9-33
	android:name
		ADDED from src\main\AndroidManifest.xml:39:9-57
uses-feature#android.hardware.camera.flash
ADDED from src\main\AndroidManifest.xml:41:5-43:36
	android:required
		ADDED from src\main\AndroidManifest.xml:43:9-33
	android:name
		ADDED from src\main\AndroidManifest.xml:42:9-53
uses-feature#android.hardware.screen.landscape
ADDED from src\main\AndroidManifest.xml:44:5-70
	android:name
		ADDED from src\main\AndroidManifest.xml:44:19-67
uses-feature#android.hardware.wifi
ADDED from src\main\AndroidManifest.xml:45:5-47:36
	android:required
		ADDED from src\main\AndroidManifest.xml:47:9-33
	android:name
		ADDED from src\main\AndroidManifest.xml:46:9-45
android:uses-permission#android.permission.READ_PHONE_STATE
ADDED from src\main\AndroidManifest.xml:49:5-83
	android:name
		ADDED from src\main\AndroidManifest.xml:49:30-80
android:uses-permission#android.permission.READ_EXTERNAL_STORAGE
ADDED from src\main\AndroidManifest.xml:50:5-88
	android:name
		ADDED from src\main\AndroidManifest.xml:50:30-85
application
ADDED from src\main\AndroidManifest.xml:52:5-196:19
MERGED from [com.android.support:appcompat-v7:23.4.0] AndroidManifest.xml:25:5-20
MERGED from [com.android.support:animated-vector-drawable:23.4.0] AndroidManifest.xml:7:5-20
MERGED from [com.android.support:support-vector-drawable:23.4.0] AndroidManifest.xml:7:5-20
MERGED from [com.android.support:support-v4:23.4.0] AndroidManifest.xml:22:5-20
MERGED from [com.android.support:support-v4:23.4.0] AndroidManifest.xml:22:5-20
MERGED from [com.android.support:support-vector-drawable:23.4.0] AndroidManifest.xml:7:5-20
MERGED from [com.android.support:support-v4:23.4.0] AndroidManifest.xml:22:5-20
	android:label
		ADDED from src\main\AndroidManifest.xml:55:9-41
	android:allowBackup
		ADDED from src\main\AndroidManifest.xml:53:9-35
	android:icon
		ADDED from src\main\AndroidManifest.xml:54:9-47
	android:logo
		ADDED from src\main\AndroidManifest.xml:56:9-47
activity#com.google.zxing.client.android.CaptureActivity
ADDED from src\main\AndroidManifest.xml:57:9-118:20
	android:clearTaskOnLaunch
		ADDED from src\main\AndroidManifest.xml:59:13-45
	android:screenOrientation
		ADDED from src\main\AndroidManifest.xml:60:13-56
	android:stateNotNeeded
		ADDED from src\main\AndroidManifest.xml:61:13-42
	android:windowSoftInputMode
		ADDED from src\main\AndroidManifest.xml:63:13-60
	android:theme
		ADDED from src\main\AndroidManifest.xml:62:13-48
	android:name
		ADDED from src\main\AndroidManifest.xml:58:13-44
intent-filter#android.intent.category.DEFAULT+com.google.zxing.client.android.SCAN
ADDED from src\main\AndroidManifest.xml:65:13-69:29
action#com.google.zxing.client.android.SCAN
ADDED from src\main\AndroidManifest.xml:66:17-79
	android:name
		ADDED from src\main\AndroidManifest.xml:66:25-76
category#android.intent.category.DEFAULT
ADDED from src\main\AndroidManifest.xml:68:17-76
	android:name
		ADDED from src\main\AndroidManifest.xml:68:27-73
intent-filter#android.intent.action.VIEW+android.intent.category.BROWSABLE+android.intent.category.DEFAULT
ADDED from src\main\AndroidManifest.xml:71:13-81:29
action#android.intent.action.VIEW
ADDED from src\main\AndroidManifest.xml:72:17-69
	android:name
		ADDED from src\main\AndroidManifest.xml:72:25-66
category#android.intent.category.BROWSABLE
ADDED from src\main\AndroidManifest.xml:75:17-78
	android:name
		ADDED from src\main\AndroidManifest.xml:75:27-75
data
ADDED from src\main\AndroidManifest.xml:77:17-80:45
	android:path
		ADDED from src\main\AndroidManifest.xml:79:21-41
	android:host
		ADDED from src\main\AndroidManifest.xml:78:21-53
	android:scheme
		ADDED from src\main\AndroidManifest.xml:80:21-42
activity#com.google.zxing.client.android.PreferencesActivity
ADDED from src\main\AndroidManifest.xml:119:9-122:45
	android:label
		ADDED from src\main\AndroidManifest.xml:121:13-53
	android:stateNotNeeded
		ADDED from src\main\AndroidManifest.xml:122:13-42
	android:name
		ADDED from src\main\AndroidManifest.xml:120:13-48
activity#com.google.zxing.client.android.encode.EncodeActivity
ADDED from src\main\AndroidManifest.xml:123:9-147:20
	android:stateNotNeeded
		ADDED from src\main\AndroidManifest.xml:125:13-42
	android:name
		ADDED from src\main\AndroidManifest.xml:124:13-50
intent-filter#android.intent.category.DEFAULT+com.google.zxing.client.android.ENCODE
ADDED from src\main\AndroidManifest.xml:126:13-130:29
action#com.google.zxing.client.android.ENCODE
ADDED from src\main\AndroidManifest.xml:127:17-81
	android:name
		ADDED from src\main\AndroidManifest.xml:127:25-78
intent-filter#android.intent.action.SEND+android.intent.category.DEFAULT
ADDED from src\main\AndroidManifest.xml:132:13-138:29
action#android.intent.action.SEND
ADDED from src\main\AndroidManifest.xml:133:17-69
	android:name
		ADDED from src\main\AndroidManifest.xml:133:25-66
activity#com.google.zxing.client.android.book.SearchBookContentsActivity
ADDED from src\main\AndroidManifest.xml:148:9-158:20
	android:screenOrientation
		ADDED from src\main\AndroidManifest.xml:151:13-56
	android:label
		ADDED from src\main\AndroidManifest.xml:150:13-45
	android:stateNotNeeded
		ADDED from src\main\AndroidManifest.xml:152:13-42
	android:name
		ADDED from src\main\AndroidManifest.xml:149:13-60
intent-filter#android.intent.category.DEFAULT+com.google.zxing.client.android.SEARCH_BOOK_CONTENTS
ADDED from src\main\AndroidManifest.xml:153:13-157:29
action#com.google.zxing.client.android.SEARCH_BOOK_CONTENTS
ADDED from src\main\AndroidManifest.xml:154:17-95
	android:name
		ADDED from src\main\AndroidManifest.xml:154:25-92
activity#com.google.zxing.client.android.share.ShareActivity
ADDED from src\main\AndroidManifest.xml:159:9-168:20
	android:screenOrientation
		ADDED from src\main\AndroidManifest.xml:161:13-45
	android:stateNotNeeded
		ADDED from src\main\AndroidManifest.xml:162:13-42
	android:name
		ADDED from src\main\AndroidManifest.xml:160:13-48
intent-filter#android.intent.category.DEFAULT+com.google.zxing.client.android.SHARE
ADDED from src\main\AndroidManifest.xml:163:13-167:29
action#com.google.zxing.client.android.SHARE
ADDED from src\main\AndroidManifest.xml:164:17-80
	android:name
		ADDED from src\main\AndroidManifest.xml:164:25-77
activity#com.google.zxing.client.android.history.HistoryActivity
ADDED from src\main\AndroidManifest.xml:169:9-172:45
	android:label
		ADDED from src\main\AndroidManifest.xml:171:13-50
	android:stateNotNeeded
		ADDED from src\main\AndroidManifest.xml:172:13-42
	android:name
		ADDED from src\main\AndroidManifest.xml:170:13-52
activity#com.google.zxing.client.android.share.BookmarkPickerActivity
ADDED from src\main\AndroidManifest.xml:173:9-176:45
	android:label
		ADDED from src\main\AndroidManifest.xml:175:13-57
	android:stateNotNeeded
		ADDED from src\main\AndroidManifest.xml:176:13-42
	android:name
		ADDED from src\main\AndroidManifest.xml:174:13-57
activity#com.google.zxing.client.android.share.AppPickerActivity
ADDED from src\main\AndroidManifest.xml:177:9-180:45
	android:label
		ADDED from src\main\AndroidManifest.xml:179:13-52
	android:stateNotNeeded
		ADDED from src\main\AndroidManifest.xml:180:13-42
	android:name
		ADDED from src\main\AndroidManifest.xml:178:13-52
activity#com.google.zxing.client.android.HelpActivity
ADDED from src\main\AndroidManifest.xml:181:9-185:45
	android:screenOrientation
		ADDED from src\main\AndroidManifest.xml:184:13-45
	android:label
		ADDED from src\main\AndroidManifest.xml:183:13-46
	android:stateNotNeeded
		ADDED from src\main\AndroidManifest.xml:185:13-42
	android:name
		ADDED from src\main\AndroidManifest.xml:182:13-41
activity#com.google.zxing.client.android.main.MainActivity
ADDED from src\main\AndroidManifest.xml:188:9-195:20
	android:theme
		ADDED from src\main\AndroidManifest.xml:189:13-51
	android:name
		ADDED from src\main\AndroidManifest.xml:188:19-52
intent-filter#android.intent.action.MAIN+android.intent.category.LAUNCHER
ADDED from src\main\AndroidManifest.xml:190:13-193:29
action#android.intent.action.MAIN
ADDED from src\main\AndroidManifest.xml:191:17-69
	android:name
		ADDED from src\main\AndroidManifest.xml:191:25-66
category#android.intent.category.LAUNCHER
ADDED from src\main\AndroidManifest.xml:192:17-77
	android:name
		ADDED from src\main\AndroidManifest.xml:192:27-74